<!doctype html>
<html lang="en"><head><meta charSet="utf-8"/><meta http-equiv="X-UA-Compatible" content="IE=edge"/><meta name="viewport" content="width=device-width, initial-scale=1"/><title>Mochawesome Report</title><link rel="stylesheet" href="assets\app.css"/></head><body data-raw="{&quot;stats&quot;:{&quot;suites&quot;:7,&quot;tests&quot;:16,&quot;passes&quot;:1,&quot;pending&quot;:1,&quot;failures&quot;:14,&quot;testsRegistered&quot;:16,&quot;passPercent&quot;:6.25,&quot;pendingPercent&quot;:6.25,&quot;other&quot;:0,&quot;hasOther&quot;:false,&quot;skipped&quot;:0,&quot;hasSkipped&quot;:false,&quot;start&quot;:&quot;2025-04-15T03:52:59.982Z&quot;,&quot;end&quot;:&quot;2025-04-15T03:55:38.605Z&quot;,&quot;duration&quot;:158623},&quot;results&quot;:[{&quot;uuid&quot;:&quot;e981cb7b-0ff6-4863-8588-71202b54c2a5&quot;,&quot;title&quot;:&quot;&quot;,&quot;fullFile&quot;:&quot;cypress\\e2e\\tests\\depositTest.cy.js&quot;,&quot;file&quot;:&quot;cypress\\e2e\\tests\\depositTest.cy.js&quot;,&quot;beforeHooks&quot;:[],&quot;afterHooks&quot;:[],&quot;tests&quot;:[],&quot;suites&quot;:[{&quot;uuid&quot;:&quot;144c9a10-9c83-4020-9067-436c81748e41&quot;,&quot;title&quot;:&quot;Deposit module testcases&quot;,&quot;fullFile&quot;:&quot;cypress\\e2e\\tests\\depositTest.cy.js&quot;,&quot;file&quot;:&quot;cypress\\e2e\\tests\\depositTest.cy.js&quot;,&quot;beforeHooks&quot;:[],&quot;afterHooks&quot;:[],&quot;tests&quot;:[{&quot;title&quot;:&quot;Deposit with mobile&quot;,&quot;fullTitle&quot;:&quot;Deposit module testcases Deposit with mobile&quot;,&quot;timedOut&quot;:null,&quot;duration&quot;:260,&quot;state&quot;:&quot;failed&quot;,&quot;speed&quot;:null,&quot;pass&quot;:false,&quot;fail&quot;:true,&quot;pending&quot;:false,&quot;context&quot;:null,&quot;code&quot;:&quot;depositObj.deposit_with_mobile();&quot;,&quot;err&quot;:{&quot;message&quot;:&quot;TypeError: depositObj.deposit_with_mobile is not a function&quot;,&quot;estack&quot;:&quot;TypeError: depositObj.deposit_with_mobile is not a function\n    at Context.eval (webpack://localbit/./cypress/e2e/tests/depositTest.cy.js:11:19)&quot;,&quot;diff&quot;:null},&quot;uuid&quot;:&quot;70f03f3e-0e33-4658-90dc-5ea5c25b4dd4&quot;,&quot;parentUUID&quot;:&quot;144c9a10-9c83-4020-9067-436c81748e41&quot;,&quot;isHook&quot;:false,&quot;skipped&quot;:false},{&quot;title&quot;:&quot;Deposit with bank&quot;,&quot;fullTitle&quot;:&quot;Deposit module testcases Deposit with bank&quot;,&quot;timedOut&quot;:null,&quot;duration&quot;:188,&quot;state&quot;:&quot;failed&quot;,&quot;speed&quot;:null,&quot;pass&quot;:false,&quot;fail&quot;:true,&quot;pending&quot;:false,&quot;context&quot;:null,&quot;code&quot;:&quot;depositObj.deposit_with_bank();&quot;,&quot;err&quot;:{&quot;message&quot;:&quot;TypeError: cy.readFile_data_with_login is not a function&quot;,&quot;estack&quot;:&quot;TypeError: cy.readFile_data_with_login is not a function\n    at DepositPage.deposit_with_bank (webpack://localbit/./cypress/pages/depositPage.js:57:11)\n    at Context.eval (webpack://localbit/./cypress/e2e/tests/depositTest.cy.js:18:19)&quot;,&quot;diff&quot;:null},&quot;uuid&quot;:&quot;25d6ed45-96a5-4f92-92f2-7a0aaa7d5225&quot;,&quot;parentUUID&quot;:&quot;144c9a10-9c83-4020-9067-436c81748e41&quot;,&quot;isHook&quot;:false,&quot;skipped&quot;:false}],&quot;suites&quot;:[],&quot;passes&quot;:[],&quot;failures&quot;:[&quot;70f03f3e-0e33-4658-90dc-5ea5c25b4dd4&quot;,&quot;25d6ed45-96a5-4f92-92f2-7a0aaa7d5225&quot;],&quot;pending&quot;:[],&quot;skipped&quot;:[],&quot;duration&quot;:448,&quot;root&quot;:false,&quot;rootEmpty&quot;:false,&quot;_timeout&quot;:2000}],&quot;passes&quot;:[],&quot;failures&quot;:[],&quot;pending&quot;:[],&quot;skipped&quot;:[],&quot;duration&quot;:0,&quot;root&quot;:true,&quot;rootEmpty&quot;:true,&quot;_timeout&quot;:2000},{&quot;uuid&quot;:&quot;591c8579-6966-4c8a-94f3-a4bb0572b40e&quot;,&quot;title&quot;:&quot;&quot;,&quot;fullFile&quot;:&quot;cypress\\e2e\\tests\\loginTest.cy.js&quot;,&quot;file&quot;:&quot;cypress\\e2e\\tests\\loginTest.cy.js&quot;,&quot;beforeHooks&quot;:[],&quot;afterHooks&quot;:[],&quot;tests&quot;:[],&quot;suites&quot;:[{&quot;uuid&quot;:&quot;da41bd2c-54a8-4294-8c94-be964955bb1a&quot;,&quot;title&quot;:&quot;Login and forgot password Testcases&quot;,&quot;fullFile&quot;:&quot;cypress\\e2e\\tests\\loginTest.cy.js&quot;,&quot;file&quot;:&quot;cypress\\e2e\\tests\\loginTest.cy.js&quot;,&quot;beforeHooks&quot;:[],&quot;afterHooks&quot;:[],&quot;tests&quot;:[{&quot;title&quot;:&quot;should read login credentials from the text file and perform login&quot;,&quot;fullTitle&quot;:&quot;Login and forgot password Testcases should read login credentials from the text file and perform login&quot;,&quot;timedOut&quot;:null,&quot;duration&quot;:7104,&quot;state&quot;:&quot;failed&quot;,&quot;speed&quot;:null,&quot;pass&quot;:false,&quot;fail&quot;:true,&quot;pending&quot;:false,&quot;context&quot;:null,&quot;code&quot;:&quot;cy.oneClick_data_with_login();&quot;,&quot;err&quot;:{&quot;message&quot;:&quot;AssertionError: Timed out retrying after 4000ms: Expected to find element: `//span[@class=&#x27;ant-select-selection-item&#x27;]/div/div/div/img[@alt=&#x27;flag-icon&#x27;]`, but never found it.&quot;,&quot;estack&quot;:&quot;AssertionError: Timed out retrying after 4000ms: Expected to find element: `//span[@class=&#x27;ant-select-selection-item&#x27;]/div/div/div/img[@alt=&#x27;flag-icon&#x27;]`, but never found it.\n    at Context.eval (webpack://localbit/./cypress/support/commands.js:96:7)&quot;,&quot;diff&quot;:null},&quot;uuid&quot;:&quot;f382305a-7b99-4de2-aba8-177ea0d15df7&quot;,&quot;parentUUID&quot;:&quot;da41bd2c-54a8-4294-8c94-be964955bb1a&quot;,&quot;isHook&quot;:false,&quot;skipped&quot;:false},{&quot;title&quot;:&quot;login with valid email&quot;,&quot;fullTitle&quot;:&quot;Login and forgot password Testcases login with valid email&quot;,&quot;timedOut&quot;:null,&quot;duration&quot;:9664,&quot;state&quot;:&quot;failed&quot;,&quot;speed&quot;:null,&quot;pass&quot;:false,&quot;fail&quot;:true,&quot;pending&quot;:false,&quot;context&quot;:null,&quot;code&quot;:&quot;cy.login(&#x27;company@softic.ai&#x27;, &#x27;123456&#x27;);\n// logout \ncy.xpath(\&quot;//div[@class=&#x27;flex items-center gap-3 bg-[#F4F4F4] rounded px-2 py-1 relative cursor-pointer&#x27;]\&quot;).click();\ncy.get(&#x27;.p-4 &gt; :nth-child(2) &gt; .w-full &gt; .ant-typography&#x27;).click();&quot;,&quot;err&quot;:{&quot;message&quot;:&quot;AssertionError: Timed out retrying after 4000ms: Expected to find element: `//div[@class=&#x27;flex items-center gap-3 bg-[#F4F4F4] rounded px-2 py-1 relative cursor-pointer&#x27;]`, but never found it.&quot;,&quot;estack&quot;:&quot;AssertionError: Timed out retrying after 4000ms: Expected to find element: `//div[@class=&#x27;flex items-center gap-3 bg-[#F4F4F4] rounded px-2 py-1 relative cursor-pointer&#x27;]`, but never found it.\n    at Context.eval (webpack://localbit/./cypress/e2e/tests/loginTest.cy.js:23:9)&quot;,&quot;diff&quot;:null},&quot;uuid&quot;:&quot;d7290fb7-d33e-42e3-b8f8-9ed499057def&quot;,&quot;parentUUID&quot;:&quot;da41bd2c-54a8-4294-8c94-be964955bb1a&quot;,&quot;isHook&quot;:false,&quot;skipped&quot;:false},{&quot;title&quot;:&quot;login with phone number&quot;,&quot;fullTitle&quot;:&quot;Login and forgot password Testcases login with phone number&quot;,&quot;timedOut&quot;:null,&quot;duration&quot;:9884,&quot;state&quot;:&quot;failed&quot;,&quot;speed&quot;:null,&quot;pass&quot;:false,&quot;fail&quot;:true,&quot;pending&quot;:false,&quot;context&quot;:null,&quot;code&quot;:&quot;loginObj.login_with_phone();&quot;,&quot;err&quot;:{&quot;message&quot;:&quot;AssertionError: Timed out retrying after 4000ms: Expected to find element: `//div[@class=&#x27;flex items-center gap-3 bg-[#F4F4F4] rounded px-2 py-1 relative cursor-pointer&#x27;]`, but never found it.&quot;,&quot;estack&quot;:&quot;AssertionError: Timed out retrying after 4000ms: Expected to find element: `//div[@class=&#x27;flex items-center gap-3 bg-[#F4F4F4] rounded px-2 py-1 relative cursor-pointer&#x27;]`, but never found it.\n    at LoginPage.login_with_phone (webpack://localbit/./cypress/pages/loginPage.js:26:11)\n    at Context.eval (webpack://localbit/./cypress/e2e/tests/loginTest.cy.js:30:13)&quot;,&quot;diff&quot;:null},&quot;uuid&quot;:&quot;ad035b73-0b8a-43b9-afe4-5e76297182b0&quot;,&quot;parentUUID&quot;:&quot;da41bd2c-54a8-4294-8c94-be964955bb1a&quot;,&quot;isHook&quot;:false,&quot;skipped&quot;:false},{&quot;title&quot;:&quot;Login with invalid data&quot;,&quot;fullTitle&quot;:&quot;Login and forgot password Testcases Login with invalid data&quot;,&quot;timedOut&quot;:null,&quot;duration&quot;:3093,&quot;state&quot;:&quot;passed&quot;,&quot;speed&quot;:&quot;fast&quot;,&quot;pass&quot;:true,&quot;fail&quot;:false,&quot;pending&quot;:false,&quot;context&quot;:null,&quot;code&quot;:&quot;loginObj.openURL();\nloginObj.login_with_invalid_data();&quot;,&quot;err&quot;:{},&quot;uuid&quot;:&quot;49704193-2fef-40f1-8c9a-5545e7bc6dcf&quot;,&quot;parentUUID&quot;:&quot;da41bd2c-54a8-4294-8c94-be964955bb1a&quot;,&quot;isHook&quot;:false,&quot;skipped&quot;:false},{&quot;title&quot;:&quot;Forgot password with email&quot;,&quot;fullTitle&quot;:&quot;Login and forgot password Testcases Forgot password with email&quot;,&quot;timedOut&quot;:null,&quot;duration&quot;:6178,&quot;state&quot;:&quot;failed&quot;,&quot;speed&quot;:null,&quot;pass&quot;:false,&quot;fail&quot;:true,&quot;pending&quot;:false,&quot;context&quot;:null,&quot;code&quot;:&quot;loginObj.openURL();\nloginObj.forgot_password_with_email();&quot;,&quot;err&quot;:{&quot;message&quot;:&quot;AssertionError: Timed out retrying after 4000ms: Expected to find element: `input[aria-label=\&quot;Please enter OTP character 1\&quot;]`, but never found it.&quot;,&quot;estack&quot;:&quot;AssertionError: Timed out retrying after 4000ms: Expected to find element: `input[aria-label=\&quot;Please enter OTP character 1\&quot;]`, but never found it.\n    at eval (webpack://localbit/./cypress/pages/loginPage.js:52:19)\nat Array.forEach (&lt;anonymous&gt;)\n    at enterOtp (webpack://localbit/./cypress/pages/loginPage.js:51:26)\n    at LoginPage.forgot_password_with_email (webpack://localbit/./cypress/pages/loginPage.js:56:8)\n    at Context.eval (webpack://localbit/./cypress/e2e/tests/loginTest.cy.js:49:11)&quot;,&quot;diff&quot;:null},&quot;uuid&quot;:&quot;4c066be7-bcb5-4276-b38d-908bcb8e218a&quot;,&quot;parentUUID&quot;:&quot;da41bd2c-54a8-4294-8c94-be964955bb1a&quot;,&quot;isHook&quot;:false,&quot;skipped&quot;:false},{&quot;title&quot;:&quot;Forgot password with accountID&quot;,&quot;fullTitle&quot;:&quot;Login and forgot password Testcases Forgot password with accountID&quot;,&quot;timedOut&quot;:null,&quot;duration&quot;:0,&quot;state&quot;:&quot;pending&quot;,&quot;speed&quot;:null,&quot;pass&quot;:false,&quot;fail&quot;:false,&quot;pending&quot;:true,&quot;context&quot;:null,&quot;code&quot;:&quot;loginObj.openURL();\nloginObj.forgot_password_with_accountId();&quot;,&quot;err&quot;:{},&quot;uuid&quot;:&quot;e43e1bea-9894-4722-ba49-1e9893a46caf&quot;,&quot;parentUUID&quot;:&quot;da41bd2c-54a8-4294-8c94-be964955bb1a&quot;,&quot;isHook&quot;:false,&quot;skipped&quot;:false},{&quot;title&quot;:&quot;Forgot password with phone&quot;,&quot;fullTitle&quot;:&quot;Login and forgot password Testcases Forgot password with phone&quot;,&quot;timedOut&quot;:null,&quot;duration&quot;:7534,&quot;state&quot;:&quot;failed&quot;,&quot;speed&quot;:null,&quot;pass&quot;:false,&quot;fail&quot;:true,&quot;pending&quot;:false,&quot;context&quot;:null,&quot;code&quot;:&quot;loginObj.openURL();\nloginObj.forgot_password_with_phone();&quot;,&quot;err&quot;:{&quot;message&quot;:&quot;AssertionError: Timed out retrying after 4000ms: Expected to find element: `#rc-tabs-5-tab-phone &gt; .ant-space`, but never found it.&quot;,&quot;estack&quot;:&quot;AssertionError: Timed out retrying after 4000ms: Expected to find element: `#rc-tabs-5-tab-phone &gt; .ant-space`, but never found it.\n    at LoginPage.forgot_password_with_phone (webpack://localbit/./cypress/pages/loginPage.js:110:11)\n    at Context.eval (webpack://localbit/./cypress/e2e/tests/loginTest.cy.js:67:11)&quot;,&quot;diff&quot;:null},&quot;uuid&quot;:&quot;390f68c0-546d-4911-bea1-59eaf0c76803&quot;,&quot;parentUUID&quot;:&quot;da41bd2c-54a8-4294-8c94-be964955bb1a&quot;,&quot;isHook&quot;:false,&quot;skipped&quot;:false}],&quot;suites&quot;:[],&quot;passes&quot;:[&quot;49704193-2fef-40f1-8c9a-5545e7bc6dcf&quot;],&quot;failures&quot;:[&quot;f382305a-7b99-4de2-aba8-177ea0d15df7&quot;,&quot;d7290fb7-d33e-42e3-b8f8-9ed499057def&quot;,&quot;ad035b73-0b8a-43b9-afe4-5e76297182b0&quot;,&quot;4c066be7-bcb5-4276-b38d-908bcb8e218a&quot;,&quot;390f68c0-546d-4911-bea1-59eaf0c76803&quot;],&quot;pending&quot;:[&quot;e43e1bea-9894-4722-ba49-1e9893a46caf&quot;],&quot;skipped&quot;:[],&quot;duration&quot;:43457,&quot;root&quot;:false,&quot;rootEmpty&quot;:false,&quot;_timeout&quot;:2000}],&quot;passes&quot;:[],&quot;failures&quot;:[],&quot;pending&quot;:[],&quot;skipped&quot;:[],&quot;duration&quot;:0,&quot;root&quot;:true,&quot;rootEmpty&quot;:true,&quot;_timeout&quot;:2000},{&quot;uuid&quot;:&quot;93d7d044-0212-47eb-9f75-e438d86fbac6&quot;,&quot;title&quot;:&quot;&quot;,&quot;fullFile&quot;:&quot;cypress\\e2e\\tests\\profileTest.cy.js&quot;,&quot;file&quot;:&quot;cypress\\e2e\\tests\\profileTest.cy.js&quot;,&quot;beforeHooks&quot;:[],&quot;afterHooks&quot;:[],&quot;tests&quot;:[],&quot;suites&quot;:[{&quot;uuid&quot;:&quot;e22b93f9-4f5c-4075-9293-2fe85cdf18e5&quot;,&quot;title&quot;:&quot;Personal Info&quot;,&quot;fullFile&quot;:&quot;cypress\\e2e\\tests\\profileTest.cy.js&quot;,&quot;file&quot;:&quot;cypress\\e2e\\tests\\profileTest.cy.js&quot;,&quot;beforeHooks&quot;:[],&quot;afterHooks&quot;:[],&quot;tests&quot;:[{&quot;title&quot;:&quot;Personal Info&quot;,&quot;fullTitle&quot;:&quot;Personal Info Personal Info&quot;,&quot;timedOut&quot;:null,&quot;duration&quot;:10498,&quot;state&quot;:&quot;failed&quot;,&quot;speed&quot;:null,&quot;pass&quot;:false,&quot;fail&quot;:true,&quot;pending&quot;:false,&quot;context&quot;:null,&quot;code&quot;:&quot;cy.login(_testData.default.login.username, _testData.default.login.password);\n//cy.oneClickRegistration();\nprofileobj.ProfileMenu();\nprofileobj.profileNavigation();\nprofileobj.profilename(_testData.default.profile.fullName);\nprofileobj.birthdaySelect();\nprofileobj.genderSlect();\nprofileobj.StateSlect();\nprofileobj.citySlect();&quot;,&quot;err&quot;:{&quot;message&quot;:&quot;AssertionError: Timed out retrying after 4000ms: Expected to find element: `//div[@class=&#x27;flex items-center gap-3 bg-[#F4F4F4] rounded px-2 py-1 relative cursor-pointer&#x27;]`, but never found it.&quot;,&quot;estack&quot;:&quot;AssertionError: Timed out retrying after 4000ms: Expected to find element: `//div[@class=&#x27;flex items-center gap-3 bg-[#F4F4F4] rounded px-2 py-1 relative cursor-pointer&#x27;]`, but never found it.\n    at profilePage.ProfileMenu (webpack://localbit/./cypress/pages/profilePage.js:28:7)\n    at Context.eval (webpack://localbit/./cypress/e2e/tests/profileTest.cy.js:14:16)&quot;,&quot;diff&quot;:null},&quot;uuid&quot;:&quot;af75fd30-d056-4f9e-97ca-54b7851f75e1&quot;,&quot;parentUUID&quot;:&quot;e22b93f9-4f5c-4075-9293-2fe85cdf18e5&quot;,&quot;isHook&quot;:false,&quot;skipped&quot;:false}],&quot;suites&quot;:[],&quot;passes&quot;:[],&quot;failures&quot;:[&quot;af75fd30-d056-4f9e-97ca-54b7851f75e1&quot;],&quot;pending&quot;:[],&quot;skipped&quot;:[],&quot;duration&quot;:10498,&quot;root&quot;:false,&quot;rootEmpty&quot;:false,&quot;_timeout&quot;:2000},{&quot;uuid&quot;:&quot;edfb63f4-a2e5-40bb-a6f2-1b9557df351d&quot;,&quot;title&quot;:&quot;Verification &quot;,&quot;fullFile&quot;:&quot;cypress\\e2e\\tests\\profileTest.cy.js&quot;,&quot;file&quot;:&quot;cypress\\e2e\\tests\\profileTest.cy.js&quot;,&quot;beforeHooks&quot;:[],&quot;afterHooks&quot;:[],&quot;tests&quot;:[{&quot;title&quot;:&quot;Verification With Doc Type And Image upload&quot;,&quot;fullTitle&quot;:&quot;Verification  Verification With Doc Type And Image upload&quot;,&quot;timedOut&quot;:null,&quot;duration&quot;:9783,&quot;state&quot;:&quot;failed&quot;,&quot;speed&quot;:null,&quot;pass&quot;:false,&quot;fail&quot;:true,&quot;pending&quot;:false,&quot;context&quot;:null,&quot;code&quot;:&quot;cy.login(_testData.default.login.username, _testData.default.login.password);\n//cy.oneClickRegistration();\nprofileobj.ProfileMenu();\nprofileobj.profileNavigation();\nprofileobj.Verify_idendity();\nprofileobj.Document_type();\nprofileobj.Image_upload();&quot;,&quot;err&quot;:{&quot;message&quot;:&quot;AssertionError: Timed out retrying after 4000ms: Expected to find element: `//div[@class=&#x27;flex items-center gap-3 bg-[#F4F4F4] rounded px-2 py-1 relative cursor-pointer&#x27;]`, but never found it.&quot;,&quot;estack&quot;:&quot;AssertionError: Timed out retrying after 4000ms: Expected to find element: `//div[@class=&#x27;flex items-center gap-3 bg-[#F4F4F4] rounded px-2 py-1 relative cursor-pointer&#x27;]`, but never found it.\n    at profilePage.ProfileMenu (webpack://localbit/./cypress/pages/profilePage.js:28:7)\n    at Context.eval (webpack://localbit/./cypress/e2e/tests/profileTest.cy.js:32:16)&quot;,&quot;diff&quot;:null},&quot;uuid&quot;:&quot;d7e63a17-6fa3-4e05-8b10-255285a42882&quot;,&quot;parentUUID&quot;:&quot;edfb63f4-a2e5-40bb-a6f2-1b9557df351d&quot;,&quot;isHook&quot;:false,&quot;skipped&quot;:false}],&quot;suites&quot;:[],&quot;passes&quot;:[],&quot;failures&quot;:[&quot;d7e63a17-6fa3-4e05-8b10-255285a42882&quot;],&quot;pending&quot;:[],&quot;skipped&quot;:[],&quot;duration&quot;:9783,&quot;root&quot;:false,&quot;rootEmpty&quot;:false,&quot;_timeout&quot;:2000},{&quot;uuid&quot;:&quot;ba9508d9-0f5a-4560-b13f-54167106a2b0&quot;,&quot;title&quot;:&quot;Contact Info&quot;,&quot;fullFile&quot;:&quot;cypress\\e2e\\tests\\profileTest.cy.js&quot;,&quot;file&quot;:&quot;cypress\\e2e\\tests\\profileTest.cy.js&quot;,&quot;beforeHooks&quot;:[],&quot;afterHooks&quot;:[],&quot;tests&quot;:[{&quot;title&quot;:&quot;Phone &amp; Email Add and Edit  With Valid Data&quot;,&quot;fullTitle&quot;:&quot;Contact Info Phone &amp; Email Add and Edit  With Valid Data&quot;,&quot;timedOut&quot;:null,&quot;duration&quot;:6399,&quot;state&quot;:&quot;failed&quot;,&quot;speed&quot;:null,&quot;pass&quot;:false,&quot;fail&quot;:true,&quot;pending&quot;:false,&quot;context&quot;:null,&quot;code&quot;:&quot;cy.oneClickRegistration();\n//cy.login(testData.login.username, testData.login.password);\nprofileobj.ProfileMenu();\nprofileobj.profileNavigation();\nprofileobj.phone_add();\nprofileobj.phone_number_edit();\nprofileobj.profile_email_add();\nprofileobj.profile_email_edit();&quot;,&quot;err&quot;:{&quot;message&quot;:&quot;AssertionError: Timed out retrying after 4000ms: Expected to find element: `//span[@class=&#x27;ant-select-selection-item&#x27;]/div/div/div/img[@alt=&#x27;flag-icon&#x27;]`, but never found it.&quot;,&quot;estack&quot;:&quot;AssertionError: Timed out retrying after 4000ms: Expected to find element: `//span[@class=&#x27;ant-select-selection-item&#x27;]/div/div/div/img[@alt=&#x27;flag-icon&#x27;]`, but never found it.\n    at Context.eval (webpack://localbit/./cypress/support/commands.js:96:7)&quot;,&quot;diff&quot;:null},&quot;uuid&quot;:&quot;0af76257-d46c-4318-bccf-2ea9bca757e6&quot;,&quot;parentUUID&quot;:&quot;ba9508d9-0f5a-4560-b13f-54167106a2b0&quot;,&quot;isHook&quot;:false,&quot;skipped&quot;:false}],&quot;suites&quot;:[],&quot;passes&quot;:[],&quot;failures&quot;:[&quot;0af76257-d46c-4318-bccf-2ea9bca757e6&quot;],&quot;pending&quot;:[],&quot;skipped&quot;:[],&quot;duration&quot;:6399,&quot;root&quot;:false,&quot;rootEmpty&quot;:false,&quot;_timeout&quot;:2000}],&quot;passes&quot;:[],&quot;failures&quot;:[],&quot;pending&quot;:[],&quot;skipped&quot;:[],&quot;duration&quot;:0,&quot;root&quot;:true,&quot;rootEmpty&quot;:true,&quot;_timeout&quot;:2000},{&quot;uuid&quot;:&quot;ad73063b-8afb-40a4-b299-63c13eb0c01d&quot;,&quot;title&quot;:&quot;&quot;,&quot;fullFile&quot;:&quot;cypress\\e2e\\tests\\registerTest.cy.js&quot;,&quot;file&quot;:&quot;cypress\\e2e\\tests\\registerTest.cy.js&quot;,&quot;beforeHooks&quot;:[],&quot;afterHooks&quot;:[],&quot;tests&quot;:[],&quot;suites&quot;:[{&quot;uuid&quot;:&quot;fa538a67-40c3-4767-85d7-35fede8912df&quot;,&quot;title&quot;:&quot; Registration check with valid data&quot;,&quot;fullFile&quot;:&quot;cypress\\e2e\\tests\\registerTest.cy.js&quot;,&quot;file&quot;:&quot;cypress\\e2e\\tests\\registerTest.cy.js&quot;,&quot;beforeHooks&quot;:[],&quot;afterHooks&quot;:[],&quot;tests&quot;:[{&quot;title&quot;:&quot;oneClick registration &quot;,&quot;fullTitle&quot;:&quot; Registration check with valid data oneClick registration &quot;,&quot;timedOut&quot;:null,&quot;duration&quot;:5456,&quot;state&quot;:&quot;failed&quot;,&quot;speed&quot;:null,&quot;pass&quot;:false,&quot;fail&quot;:true,&quot;pending&quot;:false,&quot;context&quot;:null,&quot;code&quot;:&quot;registerObj.openURL();\nregisterObj.oneClickSignUp();&quot;,&quot;err&quot;:{&quot;message&quot;:&quot;AssertionError: Timed out retrying after 4000ms: Expected to find element: `//span[@class=&#x27;ant-select-selection-item&#x27;]/div/div/div/img[@alt=&#x27;flag-icon&#x27;]`, but never found it.&quot;,&quot;estack&quot;:&quot;AssertionError: Timed out retrying after 4000ms: Expected to find element: `//span[@class=&#x27;ant-select-selection-item&#x27;]/div/div/div/img[@alt=&#x27;flag-icon&#x27;]`, but never found it.\n    at RegisterPage.oneClickSignUp (webpack://localbit/./cypress/pages/registerPage.js:19:7)\n    at Context.eval (webpack://localbit/./cypress/e2e/tests/registerTest.cy.js:9:16)&quot;,&quot;diff&quot;:null},&quot;uuid&quot;:&quot;f2ec3ce7-8392-43ca-82ab-24b3735fb8d8&quot;,&quot;parentUUID&quot;:&quot;fa538a67-40c3-4767-85d7-35fede8912df&quot;,&quot;isHook&quot;:false,&quot;skipped&quot;:false}],&quot;suites&quot;:[],&quot;passes&quot;:[],&quot;failures&quot;:[&quot;f2ec3ce7-8392-43ca-82ab-24b3735fb8d8&quot;],&quot;pending&quot;:[],&quot;skipped&quot;:[],&quot;duration&quot;:5456,&quot;root&quot;:false,&quot;rootEmpty&quot;:false,&quot;_timeout&quot;:2000}],&quot;passes&quot;:[],&quot;failures&quot;:[],&quot;pending&quot;:[],&quot;skipped&quot;:[],&quot;duration&quot;:0,&quot;root&quot;:true,&quot;rootEmpty&quot;:true,&quot;_timeout&quot;:2000},{&quot;uuid&quot;:&quot;d590a0ce-9ab2-47c9-b61f-2af42da213dd&quot;,&quot;title&quot;:&quot;&quot;,&quot;fullFile&quot;:&quot;cypress\\e2e\\tests\\transferTest.cy.js&quot;,&quot;file&quot;:&quot;cypress\\e2e\\tests\\transferTest.cy.js&quot;,&quot;beforeHooks&quot;:[],&quot;afterHooks&quot;:[],&quot;tests&quot;:[],&quot;suites&quot;:[{&quot;uuid&quot;:&quot;31cf7174-6325-41b3-9663-7b0858784e3d&quot;,&quot;title&quot;:&quot;Transfer module testcases&quot;,&quot;fullFile&quot;:&quot;cypress\\e2e\\tests\\transferTest.cy.js&quot;,&quot;file&quot;:&quot;cypress\\e2e\\tests\\transferTest.cy.js&quot;,&quot;beforeHooks&quot;:[],&quot;afterHooks&quot;:[],&quot;tests&quot;:[{&quot;title&quot;:&quot;Transfer With Minimum Amount&quot;,&quot;fullTitle&quot;:&quot;Transfer module testcases Transfer With Minimum Amount&quot;,&quot;timedOut&quot;:null,&quot;duration&quot;:9996,&quot;state&quot;:&quot;failed&quot;,&quot;speed&quot;:null,&quot;pass&quot;:false,&quot;fail&quot;:true,&quot;pending&quot;:false,&quot;context&quot;:null,&quot;code&quot;:&quot;cy.login(_testData.default.login.username, _testData.default.login.password);\n//cy.oneClickRegistration();\nprofileobj.ProfileMenu();\nprofileobj.profileNavigation();\ntransferObj.Transfer_with_amount();&quot;,&quot;err&quot;:{&quot;message&quot;:&quot;AssertionError: Timed out retrying after 4000ms: Expected to find element: `//div[@class=&#x27;flex items-center gap-3 bg-[#F4F4F4] rounded px-2 py-1 relative cursor-pointer&#x27;]`, but never found it.&quot;,&quot;estack&quot;:&quot;AssertionError: Timed out retrying after 4000ms: Expected to find element: `//div[@class=&#x27;flex items-center gap-3 bg-[#F4F4F4] rounded px-2 py-1 relative cursor-pointer&#x27;]`, but never found it.\n    at profilePage.ProfileMenu (webpack://localbit/./cypress/pages/profilePage.js:28:7)\n    at Context.eval (webpack://localbit/./cypress/e2e/tests/transferTest.cy.js:16:19)&quot;,&quot;diff&quot;:null},&quot;uuid&quot;:&quot;c130581b-0c32-4357-a3ce-a76e40248b60&quot;,&quot;parentUUID&quot;:&quot;31cf7174-6325-41b3-9663-7b0858784e3d&quot;,&quot;isHook&quot;:false,&quot;skipped&quot;:false}],&quot;suites&quot;:[],&quot;passes&quot;:[],&quot;failures&quot;:[&quot;c130581b-0c32-4357-a3ce-a76e40248b60&quot;],&quot;pending&quot;:[],&quot;skipped&quot;:[],&quot;duration&quot;:9996,&quot;root&quot;:false,&quot;rootEmpty&quot;:false,&quot;_timeout&quot;:2000}],&quot;passes&quot;:[],&quot;failures&quot;:[],&quot;pending&quot;:[],&quot;skipped&quot;:[],&quot;duration&quot;:0,&quot;root&quot;:true,&quot;rootEmpty&quot;:true,&quot;_timeout&quot;:2000},{&quot;uuid&quot;:&quot;99dbd82f-48f6-442f-bd8f-ade79b56cfbb&quot;,&quot;title&quot;:&quot;&quot;,&quot;fullFile&quot;:&quot;cypress\\e2e\\tests\\withdraw_bank_Test.cy.js&quot;,&quot;file&quot;:&quot;cypress\\e2e\\tests\\withdraw_bank_Test.cy.js&quot;,&quot;beforeHooks&quot;:[],&quot;afterHooks&quot;:[],&quot;tests&quot;:[],&quot;suites&quot;:[{&quot;uuid&quot;:&quot;38c4facb-31fa-44ee-a4c3-ed722b34f0a7&quot;,&quot;title&quot;:&quot;Withdraw With Bank&quot;,&quot;fullFile&quot;:&quot;cypress\\e2e\\tests\\withdraw_bank_Test.cy.js&quot;,&quot;file&quot;:&quot;cypress\\e2e\\tests\\withdraw_bank_Test.cy.js&quot;,&quot;beforeHooks&quot;:[],&quot;afterHooks&quot;:[],&quot;tests&quot;:[{&quot;title&quot;:&quot;Withdraw with valid Bank Number&quot;,&quot;fullTitle&quot;:&quot;Withdraw With Bank Withdraw with valid Bank Number&quot;,&quot;timedOut&quot;:null,&quot;duration&quot;:10524,&quot;state&quot;:&quot;failed&quot;,&quot;speed&quot;:null,&quot;pass&quot;:false,&quot;fail&quot;:true,&quot;pending&quot;:false,&quot;context&quot;:null,&quot;code&quot;:&quot;cy.login(_testData.default.login.username, _testData.default.login.password);\nprofileobj.ProfileMenu();\nprofileobj.profileNavigation();\nbankObj.Withdraw_Bank_with_Valid_Data();&quot;,&quot;err&quot;:{&quot;message&quot;:&quot;AssertionError: Timed out retrying after 4000ms: Expected to find element: `//div[@class=&#x27;flex items-center gap-3 bg-[#F4F4F4] rounded px-2 py-1 relative cursor-pointer&#x27;]`, but never found it.&quot;,&quot;estack&quot;:&quot;AssertionError: Timed out retrying after 4000ms: Expected to find element: `//div[@class=&#x27;flex items-center gap-3 bg-[#F4F4F4] rounded px-2 py-1 relative cursor-pointer&#x27;]`, but never found it.\n    at profilePage.ProfileMenu (webpack://localbit/./cypress/pages/profilePage.js:28:7)\n    at Context.eval (webpack://localbit/./cypress/e2e/tests/withdraw_bank_Test.cy.js:15:19)&quot;,&quot;diff&quot;:null},&quot;uuid&quot;:&quot;acaea2fc-6b55-4c5e-aed7-444728ca01e6&quot;,&quot;parentUUID&quot;:&quot;38c4facb-31fa-44ee-a4c3-ed722b34f0a7&quot;,&quot;isHook&quot;:false,&quot;skipped&quot;:false}],&quot;suites&quot;:[],&quot;passes&quot;:[],&quot;failures&quot;:[&quot;acaea2fc-6b55-4c5e-aed7-444728ca01e6&quot;],&quot;pending&quot;:[],&quot;skipped&quot;:[],&quot;duration&quot;:10524,&quot;root&quot;:false,&quot;rootEmpty&quot;:false,&quot;_timeout&quot;:2000}],&quot;passes&quot;:[],&quot;failures&quot;:[],&quot;pending&quot;:[],&quot;skipped&quot;:[],&quot;duration&quot;:0,&quot;root&quot;:true,&quot;rootEmpty&quot;:true,&quot;_timeout&quot;:2000},{&quot;uuid&quot;:&quot;8a8a02fc-114d-4ac9-a323-844d82798b6b&quot;,&quot;title&quot;:&quot;&quot;,&quot;fullFile&quot;:&quot;cypress\\e2e\\tests\\withdraw_mobile_Test.cy.js&quot;,&quot;file&quot;:&quot;cypress\\e2e\\tests\\withdraw_mobile_Test.cy.js&quot;,&quot;beforeHooks&quot;:[],&quot;afterHooks&quot;:[],&quot;tests&quot;:[],&quot;suites&quot;:[{&quot;uuid&quot;:&quot;bbdc8c2a-6b19-4460-9f2b-ba5e790ba627&quot;,&quot;title&quot;:&quot;Withdraw With Mobile&quot;,&quot;fullFile&quot;:&quot;cypress\\e2e\\tests\\withdraw_mobile_Test.cy.js&quot;,&quot;file&quot;:&quot;cypress\\e2e\\tests\\withdraw_mobile_Test.cy.js&quot;,&quot;beforeHooks&quot;:[],&quot;afterHooks&quot;:[],&quot;tests&quot;:[{&quot;title&quot;:&quot;Withdraw with valid Mobile Number&quot;,&quot;fullTitle&quot;:&quot;Withdraw With Mobile Withdraw with valid Mobile Number&quot;,&quot;timedOut&quot;:null,&quot;duration&quot;:9910,&quot;state&quot;:&quot;failed&quot;,&quot;speed&quot;:null,&quot;pass&quot;:false,&quot;fail&quot;:true,&quot;pending&quot;:false,&quot;context&quot;:null,&quot;code&quot;:&quot;cy.login(_testData.default.login.username, _testData.default.login.password);\nprofileobj.ProfileMenu();\nprofileobj.profileNavigation();\nmobileObj.Withdraw_Mobile_with_Valid_Data();&quot;,&quot;err&quot;:{&quot;message&quot;:&quot;AssertionError: Timed out retrying after 4000ms: Expected to find element: `//div[@class=&#x27;flex items-center gap-3 bg-[#F4F4F4] rounded px-2 py-1 relative cursor-pointer&#x27;]`, but never found it.&quot;,&quot;estack&quot;:&quot;AssertionError: Timed out retrying after 4000ms: Expected to find element: `//div[@class=&#x27;flex items-center gap-3 bg-[#F4F4F4] rounded px-2 py-1 relative cursor-pointer&#x27;]`, but never found it.\n    at profilePage.ProfileMenu (webpack://localbit/./cypress/pages/profilePage.js:28:7)\n    at Context.eval (webpack://localbit/./cypress/e2e/tests/withdraw_mobile_Test.cy.js:14:19)&quot;,&quot;diff&quot;:null},&quot;uuid&quot;:&quot;c6cfc318-b74a-401d-87d5-1d132d876166&quot;,&quot;parentUUID&quot;:&quot;bbdc8c2a-6b19-4460-9f2b-ba5e790ba627&quot;,&quot;isHook&quot;:false,&quot;skipped&quot;:false}],&quot;suites&quot;:[],&quot;passes&quot;:[],&quot;failures&quot;:[&quot;c6cfc318-b74a-401d-87d5-1d132d876166&quot;],&quot;pending&quot;:[],&quot;skipped&quot;:[],&quot;duration&quot;:9910,&quot;root&quot;:false,&quot;rootEmpty&quot;:false,&quot;_timeout&quot;:2000}],&quot;passes&quot;:[],&quot;failures&quot;:[],&quot;pending&quot;:[],&quot;skipped&quot;:[],&quot;duration&quot;:0,&quot;root&quot;:true,&quot;rootEmpty&quot;:true,&quot;_timeout&quot;:2000}],&quot;meta&quot;:{&quot;mocha&quot;:{&quot;version&quot;:&quot;7.0.1&quot;},&quot;mochawesome&quot;:{&quot;options&quot;:{&quot;quiet&quot;:false,&quot;reportFilename&quot;:&quot;mochawesome&quot;,&quot;saveHtml&quot;:false,&quot;saveJson&quot;:true,&quot;consoleReporter&quot;:&quot;spec&quot;,&quot;useInlineDiffs&quot;:false,&quot;code&quot;:true},&quot;version&quot;:&quot;7.1.3&quot;},&quot;marge&quot;:{&quot;options&quot;:{&quot;overwrite&quot;:false,&quot;html&quot;:false,&quot;json&quot;:true,&quot;reportDir&quot;:&quot;cypress\\reports\\html\\.jsons&quot;},&quot;version&quot;:&quot;6.2.0&quot;}}}" data-config="{&quot;reportFilename&quot;:&quot;index.html&quot;,&quot;reportDir&quot;:&quot;C:\\Users\\User\\Desktop\\New folder (5)\\LocalBet-Cypress-Automation\\cypress\\reports\\html&quot;,&quot;reportTitle&quot;:&quot;LocalBet-Cypress-Automation&quot;,&quot;reportPageTitle&quot;:&quot;Mochawesome Report&quot;,&quot;inline&quot;:false,&quot;inlineAssets&quot;:false,&quot;cdn&quot;:false,&quot;charts&quot;:false,&quot;enableCharts&quot;:false,&quot;code&quot;:true,&quot;enableCode&quot;:true,&quot;autoOpen&quot;:false,&quot;overwrite&quot;:true,&quot;timestamp&quot;:false,&quot;ts&quot;:false,&quot;showPassed&quot;:true,&quot;showFailed&quot;:true,&quot;showPending&quot;:true,&quot;showSkipped&quot;:false,&quot;showHooks&quot;:&quot;failed&quot;,&quot;saveJson&quot;:false,&quot;saveHtml&quot;:true,&quot;dev&quot;:false,&quot;assetsDir&quot;:&quot;C:\\Users\\User\\Desktop\\New folder (5)\\LocalBet-Cypress-Automation\\cypress\\reports\\html\\assets&quot;,&quot;htmlFile&quot;:&quot;C:\\Users\\User\\Desktop\\New folder (5)\\LocalBet-Cypress-Automation\\cypress\\reports\\html\\index.html&quot;}"><div id="report"></div><script src="assets\app.js"></script></body></html>